<?xml version="1.0" encoding="UTF-8"?>
<!-- Generated by org.testng.reporters.JUnitXMLReporter -->
<testsuite ignored="0" hostname="DESKTOP-5S9HHCU" failures="0" tests="3" name="Link_test" time="13.402" errors="0" timestamp="2025-03-18T13:37:55 IST">
  <testcase classname="testScript_March.Link_test" name="ClickLinksbtn" time="0.554"/>
  <testcase classname="testScript_March.Link_test" name="ClickDemopagebtn" time="0.387"/>
  <testcase classname="testScript_March.Link_test" name="ClickAPIbtn" time="1.818"/>
</testsuite> <!-- Link_test -->
