<?xml version="1.0" encoding="UTF-8"?>
<!-- Generated by org.testng.reporters.JUnitXMLReporter -->
<testsuite ignored="0" hostname="DESKTOP-5S9HHCU" failures="0" tests="3" name="Textbox_test" time="11.29" errors="0" timestamp="2025-03-18T13:38:18 IST">
  <testcase classname="testScript_March.Textbox_test" name="ClickOnTextboxbtn" time="0.548"/>
  <testcase classname="testScript_March.Textbox_test" name="getfillDetails" time="1.355"/>
  <testcase classname="testScript_March.Textbox_test" name="getDetails" time="0.185"/>
</testsuite> <!-- Textbox_test -->
