<?xml version="1.0" encoding="UTF-8"?>
<!-- Generated by org.testng.reporters.JUnitXMLReporter -->
<testsuite ignored="0" hostname="DESKTOP-5S9HHCU" failures="0" tests="3" name="Webtable_Test" time="11.997" errors="0" timestamp="2025-03-18T13:38:07 IST">
  <testcase classname="testScript_March.Webtable_Test" name="ClickOnwebtable" time="0.417"/>
  <testcase classname="testScript_March.Webtable_Test" name="ClickOnDetails" time="0.756"/>
  <testcase classname="testScript_March.Webtable_Test" name="getupdated_UIdata" time="1.096"/>
</testsuite> <!-- Webtable_Test -->
