<?xml version="1.0" encoding="UTF-8"?>
<!-- Generated by org.testng.reporters.JUnitXMLReporter -->
<testsuite ignored="0" hostname="DESKTOP-5S9HHCU" failures="0" tests="2" name="Button_test" time="26.391" errors="0" timestamp="2025-03-17T13:50:26 IST">
  <testcase classname="testScript_March.Button_test" name="ClickOnActionButtonbtn" time="0.0">
    <skipped/>
  </testcase> <!-- ClickOnActionButtonbtn -->
  <testcase classname="testScript_March.Button_test" name="ClickOnButtonbtn" time="0.0">
    <skipped/>
  </testcase> <!-- ClickOnButtonbtn -->
</testsuite> <!-- Button_test -->
