<?xml version="1.0" encoding="UTF-8"?>
<!-- Generated by org.testng.reporters.JUnitXMLReporter -->
<testsuite ignored="0" hostname="DESKTOP-5S9HHCU" failures="0" tests="3" name="Link_test" time="28.37" errors="0" timestamp="2025-03-17T13:49:21 IST">
  <testcase classname="testScript_March.Link_test" name="ClickDemopagebtn" time="0.0">
    <skipped/>
  </testcase> <!-- ClickDemopagebtn -->
  <testcase classname="testScript_March.Link_test" name="ClickLinksbtn" time="0.0">
    <skipped/>
  </testcase> <!-- ClickLinksbtn -->
  <testcase classname="testScript_March.Link_test" name="ClickAPIbtn" time="0.0">
    <skipped/>
  </testcase> <!-- ClickAPIbtn -->
</testsuite> <!-- Link_test -->
