<?xml version="1.0" encoding="UTF-8"?>
<!-- Generated by org.testng.reporters.JUnitXMLReporter -->
<testsuite ignored="0" hostname="DESKTOP-5S9HHCU" failures="0" tests="2" name="Radobutton_test" time="13.293" errors="0" timestamp="2025-03-17T13:48:53 IST">
  <testcase classname="testScript_March.Radobutton_test" name="ClickOnButtobbtn" time="0.0">
    <skipped/>
  </testcase> <!-- ClickOnButtobbtn -->
  <testcase classname="testScript_March.Radobutton_test" name="ClickonRadiobuttonbtn" time="0.0">
    <skipped/>
  </testcase> <!-- ClickonRadiobuttonbtn -->
</testsuite> <!-- Radobutton_test -->
