<?xml version="1.0" encoding="UTF-8"?>
<!-- Generated by org.testng.reporters.JUnitXMLReporter -->
<testsuite ignored="0" hostname="DESKTOP-5S9HHCU" failures="0" tests="3" name="Textbox_test" time="19.204" errors="0" timestamp="2025-03-17T13:49:59 IST">
  <testcase classname="testScript_March.Textbox_test" name="getfillDetails" time="0.0">
    <skipped/>
  </testcase> <!-- getfillDetails -->
  <testcase classname="testScript_March.Textbox_test" name="getDetails" time="0.0">
    <skipped/>
  </testcase> <!-- getDetails -->
  <testcase classname="testScript_March.Textbox_test" name="ClickOnTextboxbtn" time="0.0">
    <skipped/>
  </testcase> <!-- ClickOnTextboxbtn -->
</testsuite> <!-- Textbox_test -->
