<?xml version="1.0" encoding="UTF-8"?>
<!-- Generated by org.testng.reporters.JUnitXMLReporter -->
<testsuite ignored="0" hostname="DESKTOP-5S9HHCU" failures="0" tests="3" name="Webtable_Test" time="18.841" errors="0" timestamp="2025-03-17T13:49:40 IST">
  <testcase classname="testScript_March.Webtable_Test" name="getupdated_UIdata" time="0.0">
    <skipped/>
  </testcase> <!-- getupdated_UIdata -->
  <testcase classname="testScript_March.Webtable_Test" name="ClickOnwebtable" time="0.0">
    <skipped/>
  </testcase> <!-- ClickOnwebtable -->
  <testcase classname="testScript_March.Webtable_Test" name="ClickOnDetails" time="0.0">
    <skipped/>
  </testcase> <!-- ClickOnDetails -->
</testsuite> <!-- Webtable_Test -->
