<?xml version="1.0" encoding="UTF-8"?>
<testng-results ignored="0" total="15" passed="15" failed="0" skipped="0">
  <reporter-output>
  </reporter-output>
  <suite started-at="2025-03-18T13:37:18 IST" name="Testingbaba" finished-at="2025-03-18T13:38:28 IST" duration-ms="70712">
    <groups>
      <group name="checkbox_test">
        <method signature="checkbox_test.ClickOnCheckboxbtn()[pri:0, instance:testScript_March.checkbox_test@1349883]" name="ClickOnCheckboxbtn" class="testScript_March.checkbox_test"/>
        <method signature="checkbox_test.ClickOnGagetsbtn()[pri:1, instance:testScript_March.checkbox_test@1349883]" name="ClickOnGagetsbtn" class="testScript_March.checkbox_test"/>
      </group> <!-- checkbox_test -->
      <group name="Textbox_test">
        <method signature="Textbox_test.ClickOnTextboxbtn()[pri:0, instance:testScript_March.Textbox_test@4d1bf319]" name="ClickOnTextboxbtn" class="testScript_March.Textbox_test"/>
        <method signature="Textbox_test.getfillDetails()[pri:1, instance:testScript_March.Textbox_test@4d1bf319]" name="getfillDetails" class="testScript_March.Textbox_test"/>
        <method signature="Textbox_test.getDetails()[pri:2, instance:testScript_March.Textbox_test@4d1bf319]" name="getDetails" class="testScript_March.Textbox_test"/>
      </group> <!-- Textbox_test -->
      <group name="Button_test">
        <method signature="Button_test.ClickOnButtonbtn()[pri:0, instance:testScript_March.Button_test@673fdbce]" name="ClickOnButtonbtn" class="testScript_March.Button_test"/>
        <method signature="Button_test.ClickOnActionButtonbtn()[pri:1, instance:testScript_March.Button_test@673fdbce]" name="ClickOnActionButtonbtn" class="testScript_March.Button_test"/>
      </group> <!-- Button_test -->
      <group name="Link_test">
        <method signature="Link_test.ClickLinksbtn()[pri:0, instance:testScript_March.Link_test@28dcca0c]" name="ClickLinksbtn" class="testScript_March.Link_test"/>
        <method signature="Link_test.ClickDemopagebtn()[pri:1, instance:testScript_March.Link_test@28dcca0c]" name="ClickDemopagebtn" class="testScript_March.Link_test"/>
        <method signature="Link_test.ClickAPIbtn()[pri:2, instance:testScript_March.Link_test@28dcca0c]" name="ClickAPIbtn" class="testScript_March.Link_test"/>
      </group> <!-- Link_test -->
      <group name="Webtable_Test">
        <method signature="Webtable_Test.ClickOnwebtable()[pri:0, instance:testScript_March.Webtable_Test@66982506]" name="ClickOnwebtable" class="testScript_March.Webtable_Test"/>
        <method signature="Webtable_Test.ClickOnDetails()[pri:1, instance:testScript_March.Webtable_Test@66982506]" name="ClickOnDetails" class="testScript_March.Webtable_Test"/>
        <method signature="Webtable_Test.getupdated_UIdata()[pri:2, instance:testScript_March.Webtable_Test@66982506]" name="getupdated_UIdata" class="testScript_March.Webtable_Test"/>
      </group> <!-- Webtable_Test -->
      <group name="Radobutton_test">
        <method signature="Radobutton_test.ClickonRadiobuttonbtn()[pri:0, instance:testScript_March.Radobutton_test@3f4faf53]" name="ClickonRadiobuttonbtn" class="testScript_March.Radobutton_test"/>
        <method signature="Radobutton_test.ClickOnButtobbtn()[pri:1, instance:testScript_March.Radobutton_test@3f4faf53]" name="ClickOnButtobbtn" class="testScript_March.Radobutton_test"/>
      </group> <!-- Radobutton_test -->
    </groups>
    <test started-at="2025-03-18T13:37:18 IST" name="checkbox_test" finished-at="2025-03-18T13:37:30 IST" duration-ms="12066">
      <class name="testScript_March.checkbox_test">
        <test-method is-config="true" signature="getUrl_Testingbaba()[pri:0, instance:testScript_March.checkbox_test@1349883]" started-at="2025-03-18T13:37:18 IST" name="getUrl_Testingbaba" finished-at="2025-03-18T13:37:28 IST" duration-ms="9933" status="PASS">
          <reporter-output>
          </reporter-output>
        </test-method> <!-- getUrl_Testingbaba -->
        <test-method signature="ClickOnCheckboxbtn()[pri:0, instance:testScript_March.checkbox_test@1349883]" started-at="2025-03-18T13:37:28 IST" name="ClickOnCheckboxbtn" finished-at="2025-03-18T13:37:28 IST" duration-ms="475" status="PASS">
          <reporter-output>
          </reporter-output>
        </test-method> <!-- ClickOnCheckboxbtn -->
        <test-method signature="ClickOnGagetsbtn()[pri:1, instance:testScript_March.checkbox_test@1349883]" started-at="2025-03-18T13:37:28 IST" name="ClickOnGagetsbtn" finished-at="2025-03-18T13:37:29 IST" duration-ms="1107" status="PASS">
          <reporter-output>
          </reporter-output>
        </test-method> <!-- ClickOnGagetsbtn -->
        <test-method is-config="true" signature="teardown()[pri:0, instance:testScript_March.checkbox_test@1349883]" started-at="2025-03-18T13:37:29 IST" name="teardown" finished-at="2025-03-18T13:37:30 IST" duration-ms="372" status="PASS">
          <reporter-output>
          </reporter-output>
        </test-method> <!-- teardown -->
      </class> <!-- testScript_March.checkbox_test -->
    </test> <!-- checkbox_test -->
    <test started-at="2025-03-18T13:37:30 IST" name="Radobutton_test" finished-at="2025-03-18T13:37:41 IST" duration-ms="11590">
      <class name="testScript_March.Radobutton_test">
        <test-method is-config="true" signature="getUrl_Testingbaba()[pri:0, instance:testScript_March.Radobutton_test@3f4faf53]" started-at="2025-03-18T13:37:30 IST" name="getUrl_Testingbaba" finished-at="2025-03-18T13:37:39 IST" duration-ms="8916" status="PASS">
          <reporter-output>
          </reporter-output>
        </test-method> <!-- getUrl_Testingbaba -->
        <test-method signature="ClickonRadiobuttonbtn()[pri:0, instance:testScript_March.Radobutton_test@3f4faf53]" started-at="2025-03-18T13:37:39 IST" name="ClickonRadiobuttonbtn" finished-at="2025-03-18T13:37:39 IST" duration-ms="492" status="PASS">
          <reporter-output>
          </reporter-output>
        </test-method> <!-- ClickonRadiobuttonbtn -->
        <test-method signature="ClickOnButtobbtn()[pri:1, instance:testScript_March.Radobutton_test@3f4faf53]" started-at="2025-03-18T13:37:39 IST" name="ClickOnButtobbtn" finished-at="2025-03-18T13:37:40 IST" duration-ms="1316" status="PASS">
          <reporter-output>
          </reporter-output>
        </test-method> <!-- ClickOnButtobbtn -->
        <test-method is-config="true" signature="teardown()[pri:0, instance:testScript_March.Radobutton_test@3f4faf53]" started-at="2025-03-18T13:37:40 IST" name="teardown" finished-at="2025-03-18T13:37:41 IST" duration-ms="855" status="PASS">
          <reporter-output>
          </reporter-output>
        </test-method> <!-- teardown -->
      </class> <!-- testScript_March.Radobutton_test -->
    </test> <!-- Radobutton_test -->
    <test started-at="2025-03-18T13:37:41 IST" name="Link_test" finished-at="2025-03-18T13:37:55 IST" duration-ms="13402">
      <class name="testScript_March.Link_test">
        <test-method is-config="true" signature="getUrl_Testingbaba()[pri:0, instance:testScript_March.Link_test@28dcca0c]" started-at="2025-03-18T13:37:41 IST" name="getUrl_Testingbaba" finished-at="2025-03-18T13:37:51 IST" duration-ms="10074" status="PASS">
          <reporter-output>
          </reporter-output>
        </test-method> <!-- getUrl_Testingbaba -->
        <test-method signature="ClickLinksbtn()[pri:0, instance:testScript_March.Link_test@28dcca0c]" started-at="2025-03-18T13:37:51 IST" name="ClickLinksbtn" finished-at="2025-03-18T13:37:52 IST" duration-ms="554" status="PASS">
          <reporter-output>
          </reporter-output>
        </test-method> <!-- ClickLinksbtn -->
        <test-method signature="ClickDemopagebtn()[pri:1, instance:testScript_March.Link_test@28dcca0c]" started-at="2025-03-18T13:37:52 IST" name="ClickDemopagebtn" finished-at="2025-03-18T13:37:52 IST" duration-ms="387" status="PASS">
          <reporter-output>
          </reporter-output>
        </test-method> <!-- ClickDemopagebtn -->
        <test-method signature="ClickAPIbtn()[pri:2, instance:testScript_March.Link_test@28dcca0c]" started-at="2025-03-18T13:37:52 IST" name="ClickAPIbtn" finished-at="2025-03-18T13:37:54 IST" duration-ms="1818" status="PASS">
          <reporter-output>
          </reporter-output>
        </test-method> <!-- ClickAPIbtn -->
        <test-method is-config="true" signature="teardown()[pri:0, instance:testScript_March.Link_test@28dcca0c]" started-at="2025-03-18T13:37:54 IST" name="teardown" finished-at="2025-03-18T13:37:55 IST" duration-ms="551" status="PASS">
          <reporter-output>
          </reporter-output>
        </test-method> <!-- teardown -->
      </class> <!-- testScript_March.Link_test -->
    </test> <!-- Link_test -->
    <test started-at="2025-03-18T13:37:55 IST" name="Webtable_Test" finished-at="2025-03-18T13:38:07 IST" duration-ms="11997">
      <class name="testScript_March.Webtable_Test">
        <test-method is-config="true" signature="getUrl_Testingbaba()[pri:0, instance:testScript_March.Webtable_Test@66982506]" started-at="2025-03-18T13:37:55 IST" name="getUrl_Testingbaba" finished-at="2025-03-18T13:38:04 IST" duration-ms="9481" status="PASS">
          <reporter-output>
          </reporter-output>
        </test-method> <!-- getUrl_Testingbaba -->
        <test-method signature="ClickOnwebtable()[pri:0, instance:testScript_March.Webtable_Test@66982506]" started-at="2025-03-18T13:38:04 IST" name="ClickOnwebtable" finished-at="2025-03-18T13:38:05 IST" duration-ms="417" status="PASS">
          <reporter-output>
          </reporter-output>
        </test-method> <!-- ClickOnwebtable -->
        <test-method signature="ClickOnDetails()[pri:1, instance:testScript_March.Webtable_Test@66982506]" started-at="2025-03-18T13:38:05 IST" name="ClickOnDetails" finished-at="2025-03-18T13:38:05 IST" duration-ms="756" status="PASS">
          <reporter-output>
          </reporter-output>
        </test-method> <!-- ClickOnDetails -->
        <test-method signature="getupdated_UIdata()[pri:2, instance:testScript_March.Webtable_Test@66982506]" started-at="2025-03-18T13:38:05 IST" name="getupdated_UIdata" finished-at="2025-03-18T13:38:06 IST" duration-ms="1096" status="PASS">
          <reporter-output>
          </reporter-output>
        </test-method> <!-- getupdated_UIdata -->
        <test-method is-config="true" signature="teardown()[pri:0, instance:testScript_March.Webtable_Test@66982506]" started-at="2025-03-18T13:38:06 IST" name="teardown" finished-at="2025-03-18T13:38:07 IST" duration-ms="237" status="PASS">
          <reporter-output>
          </reporter-output>
        </test-method> <!-- teardown -->
      </class> <!-- testScript_March.Webtable_Test -->
    </test> <!-- Webtable_Test -->
    <test started-at="2025-03-18T13:38:07 IST" name="Textbox_test" finished-at="2025-03-18T13:38:18 IST" duration-ms="11290">
      <class name="testScript_March.Textbox_test">
        <test-method is-config="true" signature="getUrl_Testingbaba()[pri:0, instance:testScript_March.Textbox_test@4d1bf319]" started-at="2025-03-18T13:38:07 IST" name="getUrl_Testingbaba" finished-at="2025-03-18T13:38:16 IST" duration-ms="8869" status="PASS">
          <reporter-output>
          </reporter-output>
        </test-method> <!-- getUrl_Testingbaba -->
        <test-method signature="ClickOnTextboxbtn()[pri:0, instance:testScript_March.Textbox_test@4d1bf319]" started-at="2025-03-18T13:38:16 IST" name="ClickOnTextboxbtn" finished-at="2025-03-18T13:38:16 IST" duration-ms="548" status="PASS">
          <reporter-output>
          </reporter-output>
        </test-method> <!-- ClickOnTextboxbtn -->
        <test-method signature="getfillDetails()[pri:1, instance:testScript_March.Textbox_test@4d1bf319]" started-at="2025-03-18T13:38:16 IST" name="getfillDetails" finished-at="2025-03-18T13:38:18 IST" duration-ms="1355" status="PASS">
          <reporter-output>
          </reporter-output>
        </test-method> <!-- getfillDetails -->
        <test-method signature="getDetails()[pri:2, instance:testScript_March.Textbox_test@4d1bf319]" started-at="2025-03-18T13:38:18 IST" name="getDetails" finished-at="2025-03-18T13:38:18 IST" duration-ms="185" status="PASS">
          <reporter-output>
          </reporter-output>
        </test-method> <!-- getDetails -->
        <test-method is-config="true" signature="teardown()[pri:0, instance:testScript_March.Textbox_test@4d1bf319]" started-at="2025-03-18T13:38:18 IST" name="teardown" finished-at="2025-03-18T13:38:18 IST" duration-ms="313" status="PASS">
          <reporter-output>
          </reporter-output>
        </test-method> <!-- teardown -->
      </class> <!-- testScript_March.Textbox_test -->
    </test> <!-- Textbox_test -->
    <test started-at="2025-03-18T13:38:18 IST" name="Button_test" finished-at="2025-03-18T13:38:28 IST" duration-ms="10259">
      <class name="testScript_March.Button_test">
        <test-method is-config="true" signature="getUrl_Testingbaba()[pri:0, instance:testScript_March.Button_test@673fdbce]" started-at="2025-03-18T13:38:18 IST" name="getUrl_Testingbaba" finished-at="2025-03-18T13:38:27 IST" duration-ms="8641" status="PASS">
          <reporter-output>
          </reporter-output>
        </test-method> <!-- getUrl_Testingbaba -->
        <test-method signature="ClickOnButtonbtn()[pri:0, instance:testScript_March.Button_test@673fdbce]" started-at="2025-03-18T13:38:27 IST" name="ClickOnButtonbtn" finished-at="2025-03-18T13:38:27 IST" duration-ms="408" status="PASS">
          <reporter-output>
          </reporter-output>
        </test-method> <!-- ClickOnButtonbtn -->
        <test-method signature="ClickOnActionButtonbtn()[pri:1, instance:testScript_March.Button_test@673fdbce]" started-at="2025-03-18T13:38:27 IST" name="ClickOnActionButtonbtn" finished-at="2025-03-18T13:38:28 IST" duration-ms="998" status="PASS">
          <reporter-output>
          </reporter-output>
        </test-method> <!-- ClickOnActionButtonbtn -->
        <test-method is-config="true" signature="teardown()[pri:0, instance:testScript_March.Button_test@673fdbce]" started-at="2025-03-18T13:38:28 IST" name="teardown" finished-at="2025-03-18T13:38:28 IST" duration-ms="201" status="PASS">
          <reporter-output>
          </reporter-output>
        </test-method> <!-- teardown -->
      </class> <!-- testScript_March.Button_test -->
    </test> <!-- Button_test -->
  </suite> <!-- Testingbaba -->
</testng-results>
